<?xml version="1.0" encoding="UTF-8"?>
<testsuite xmlns:xsi="http://www.w3.org/2001/XMLSchema-instance" xsi:noNamespaceSchemaLocation="https://maven.apache.org/surefire/maven-surefire-plugin/xsd/surefire-test-report-3.0.xsd" version="3.0" name="InventoryTestPackage.InventoryModelTest" time="0.089" tests="9" errors="0" skipped="0" failures="0">
  <properties>
[...]
</properties>
  <testcase name="moveItemsFromWareHouseToShelfInvalidData" classname="InventoryTestPackage.InventoryModelTest" time="0.035">
    <system-out><![CDATA[Could not find a product with that StockCode.
Could not find a product with that StockCode.
]]></system-out>
  </testcase>
  <testcase name="deleteGoodsItemWithDuplicateItemCode" classname="InventoryTestPackage.InventoryModelTest" time="0.003">
    <system-out><![CDATA[Error adding bin goods: Index 2 out of bounds for length 2
Error adding bin goods: Index 2 out of bounds for length 2
]]></system-out>
  </testcase>
  <testcase name="testAddCartonGoodsInvalidData" classname="InventoryTestPackage.InventoryModelTest" time="0.001"/>
  <testcase name="moveItemsFromWareHouseToShelfValidData" classname="InventoryTestPackage.InventoryModelTest" time="0.032">
    <system-out><![CDATA[Here is the product that you requested: 
Bin Goods: Stock Code: 123, Description: 'ProductA', Storage Type: E, Warehouse Bay Number: 1, Supermarket Bay Number: 2, Current Kg In Warehouse Bin: 50.0, Curent Kg on SuperMarket Shelf: 20.0, Max Kg per Bin: 1000.0, Max Kg on shelf: 100.0
Here is the product that you requested: 
 Cartonized Goods: Stock Code: 456, Description: 'ProductB', Storage Type: F, Warehouse Bay Number: 3, Supermarket Bay Number: 4  Max number of cartons per pallet: 1000, Max number of goods percarton: 1000, Current total goods in warehouse: 100, Current total cartons left in warehouse: 0, Max number of goods that can fit on supermarket shelf: 0, Current number of goods on supermarket shelf: 5
]]></system-out>
  </testcase>
  <testcase name="testAddBinGoodsInvalidData" classname="InventoryTestPackage.InventoryModelTest" time="0.001">
    <system-out><![CDATA[Error parsing input values: For input string: "50.0"
]]></system-out>
  </testcase>
  <testcase name="testAddBinGoodsValidData" classname="InventoryTestPackage.InventoryModelTest" time="0.001"/>
  <testcase name="testAddCartonGoodsValidData" classname="InventoryTestPackage.InventoryModelTest" time="0.001"/>
  <testcase name="deleteGoodsItemThatDoesNotExist" classname="InventoryTestPackage.InventoryModelTest" time="0.002"/>
  <testcase name="deleteGoodsItemThatExists" classname="InventoryTestPackage.InventoryModelTest" time="0.001"/>
</testsuite>